build/app/intermediates/proguard-rules/release/aapt_rules.txt
# Referenced at full/release/AndroidManifest.xml:38
-keep class com.example.flutteruikit.MainActivity { <init>(...); }

# Referenced at full/release/AndroidManifest.xml:91
-keep class com.google.android.gms.ads.AdActivity { <init>(...); }

# Referenced at full/release/AndroidManifest.xml:131
-keep class com.google.android.gms.common.api.GoogleApiActivity { <init>(...); }

# Referenced at full/release/AndroidManifest.xml:68
-keep class com.google.android.gms.measurement.AppMeasurementInstallReferrerReceiver { <init>(...); }

# Referenced at full/release/AndroidManifest.xml:82
-keep class com.google.android.gms.measurement.AppMeasurementJobService { <init>(...); }

# Referenced at full/release/AndroidManifest.xml:63
-keep class com.google.android.gms.measurement.AppMeasurementReceiver { <init>(...); }

# Referenced at full/release/AndroidManifest.xml:78
-keep class com.google.android.gms.measurement.AppMeasurementService { <init>(...); }

# Referenced at full/release/AndroidManifest.xml:97
-keep class com.google.firebase.components.ComponentDiscoveryService { <init>(...); }

# Referenced at full/release/AndroidManifest.xml:103
-keep class com.google.firebase.iid.FirebaseInstanceIdReceiver { <init>(...); }

# Referenced at full/release/AndroidManifest.xml:117
-keep class com.google.firebase.iid.FirebaseInstanceIdService { <init>(...); }

# Referenced at full/release/AndroidManifest.xml:125
-keep class com.google.firebase.provider.FirebaseInitProvider { <init>(...); }

# Referenced at full/release/AndroidManifest.xml:34
-keep class io.flutter.app.FlutterApplication { <init>(...); }