build/app/outputs/mapping/release/seeds.txt
com.example.flutteruikit.MainActivity
com.example.flutteruikit.MainActivity: MainActivity()
com.example.flutteruikit.R$attr: int adSize
com.example.flutteruikit.R$attr: int adSizes
com.example.flutteruikit.R$attr: int adUnitId
com.example.flutteruikit.R$attr: int buttonSize
com.example.flutteruikit.R$attr: int circleCrop
com.example.flutteruikit.R$attr: int colorScheme
com.example.flutteruikit.R$attr: int font
com.example.flutteruikit.R$attr: int fontProviderAuthority
com.example.flutteruikit.R$attr: int fontProviderCerts
com.example.flutteruikit.R$attr: int fontProviderFetchStrategy
com.example.flutteruikit.R$attr: int fontProviderFetchTimeout
com.example.flutteruikit.R$attr: int fontProviderPackage
com.example.flutteruikit.R$attr: int fontProviderQuery
com.example.flutteruikit.R$attr: int fontStyle
com.example.flutteruikit.R$attr: int fontWeight
com.example.flutteruikit.R$attr: int imageAspectRatio
com.example.flutteruikit.R$attr: int imageAspectRatioAdjust
com.example.flutteruikit.R$attr: int scopeUris
com.example.flutteruikit.R$bool: int abc_action_bar_embed_tabs
com.example.flutteruikit.R$color: int common_google_signin_btn_text_dark
com.example.flutteruikit.R$color: int common_google_signin_btn_text_dark_default
com.example.flutteruikit.R$color: int common_google_signin_btn_text_dark_disabled
com.example.flutteruikit.R$color: int common_google_signin_btn_text_dark_focused
com.example.flutteruikit.R$color: int common_google_signin_btn_text_dark_pressed
com.example.flutteruikit.R$color: int common_google_signin_btn_text_light
com.example.flutteruikit.R$color: int common_google_signin_btn_text_light_default
com.example.flutteruikit.R$color: int common_google_signin_btn_text_light_disabled
com.example.flutteruikit.R$color: int common_google_signin_btn_text_light_focused
com.example.flutteruikit.R$color: int common_google_signin_btn_text_light_pressed
com.example.flutteruikit.R$color: int common_google_signin_btn_tint
com.example.flutteruikit.R$color: int ic_launcher_background
com.example.flutteruikit.R$color: int notification_action_color_filter
com.example.flutteruikit.R$color: int notification_icon_bg_color
com.example.flutteruikit.R$color: int notification_material_background_media_default_color
com.example.flutteruikit.R$color: int primary_text_default_material_dark
com.example.flutteruikit.R$color: int ripple_material_light
com.example.flutteruikit.R$color: int secondary_text_default_material_dark
com.example.flutteruikit.R$color: int secondary_text_default_material_light
com.example.flutteruikit.R$dimen: int compat_button_inset_horizontal_material
com.example.flutteruikit.R$dimen: int compat_button_inset_vertical_material
com.example.flutteruikit.R$dimen: int compat_button_padding_horizontal_material
com.example.flutteruikit.R$dimen: int compat_button_padding_vertical_material
com.example.flutteruikit.R$dimen: int compat_control_corner_material
com.example.flutteruikit.R$dimen: int notification_action_icon_size
com.example.flutteruikit.R$dimen: int notification_action_text_size
com.example.flutteruikit.R$dimen: int notification_big_circle_margin
com.example.flutteruikit.R$dimen: int notification_content_margin_start
com.example.flutteruikit.R$dimen: int notification_large_icon_height
com.example.flutteruikit.R$dimen: int notification_large_icon_width
com.example.flutteruikit.R$dimen: int notification_main_column_padding_top
com.example.flutteruikit.R$dimen: int notification_media_narrow_margin
com.example.flutteruikit.R$dimen: int notification_right_icon_size
com.example.flutteruikit.R$dimen: int notification_right_side_padding_top
com.example.flutteruikit.R$dimen: int notification_small_icon_background_padding
com.example.flutteruikit.R$dimen: int notification_small_icon_size_as_large
com.example.flutteruikit.R$dimen: int notification_subtext_size
com.example.flutteruikit.R$dimen: int notification_top_pad
com.example.flutteruikit.R$dimen: int notification_top_pad_large_text
...
com.google.android.gms.internal.ads.zzang: android.os.Parcelable$Creator CREATOR
com.google.android.gms.internal.ads.zzaov: void setVideoPath(java.lang.String)
com.google.android.gms.internal.ads.zzaov: int getDuration()
com.google.android.gms.internal.ads.zzaov: int getCurrentPosition()
com.google.android.gms.internal.ads.zzaov: int getVideoWidth()
com.google.android.gms.internal.ads.zzaov: int getVideoHeight()
com.google.android.gms.internal.ads.zzapg: void setVideoPath(java.lang.String)
com.google.android.gms.internal.ads.zzapg: int getCurrentPosition()
com.google.android.gms.internal.ads.zzapg: int getDuration()
com.google.android.gms.internal.ads.zzapg: int getVideoWidth()
com.google.android.gms.internal.ads.zzapg: int getVideoHeight()
com.google.android.gms.internal.ads.zzapi: void setVolume(float)
com.google.android.gms.internal.ads.zzarh: android.view.View getView()
com.google.android.gms.internal.ads.zzarh: android.webkit.WebView getWebView()
com.google.android.gms.internal.ads.zzarh: int getRequestedOrientation()
com.google.android.gms.internal.ads.zzarh: void setRequestedOrientation(int)
com.google.android.gms.internal.ads.zzarh: void setOnClickListener(android.view.View$OnClickListener)
com.google.android.gms.internal.ads.zzarh: void setOnTouchListener(android.view.View$OnTouchListener)
com.google.android.gms.internal.ads.zzarh: void setWebChromeClient(android.webkit.WebChromeClient)
com.google.android.gms.internal.ads.zzarh: void setWebViewClient(android.webkit.WebViewClient)
com.google.android.gms.internal.ads.zzarh: android.view.View$OnClickListener getOnClickListener()
com.google.android.gms.internal.ads.zzass: void setWebViewClient(android.webkit.WebViewClient)
com.google.android.gms.internal.ads.zzatl
com.google.android.gms.internal.ads.zzatl: android.os.Bundle zzmq()
com.google.android.gms.internal.ads.zzatm
com.google.android.gms.internal.ads.zzatm: android.os.Bundle getInterstitialAdapterInfo()
com.google.android.gms.internal.ads.zzatt: android.os.Parcelable$Creator CREATOR
com.google.android.gms.internal.ads.zzatv: android.os.Parcelable$Creator CREATOR
com.google.android.gms.internal.ads.zzavo: int zzdih
com.google.android.gms.internal.ads.zzavo: com.google.android.gms.internal.ads.zzavs zzdii
com.google.android.gms.internal.ads.zzavo: com.google.android.gms.internal.ads.zzaxc zzdij
com.google.android.gms.internal.ads.zzavo: com.google.android.gms.internal.ads.zzavo zzdik
com.google.android.gms.internal.ads.zzavo: com.google.android.gms.internal.ads.zzbdf zzakh
com.google.android.gms.internal.ads.zzavq: com.google.android.gms.internal.ads.zzavu zzdil
com.google.android.gms.internal.ads.zzavq: com.google.android.gms.internal.ads.zzaxe zzdim
com.google.android.gms.internal.ads.zzavq: com.google.android.gms.internal.ads.zzavq zzdin
com.google.android.gms.internal.ads.zzavq: com.google.android.gms.internal.ads.zzbdf zzakh
com.google.android.gms.internal.ads.zzavs: int zzdih
com.google.android.gms.internal.ads.zzavs: com.google.android.gms.internal.ads.zzavw zzdio
com.google.android.gms.internal.ads.zzavs: com.google.android.gms.internal.ads.zzbah zzdip
com.google.android.gms.internal.ads.zzavs: com.google.android.gms.internal.ads.zzavs zzdiq
com.google.android.gms.internal.ads.zzavs: com.google.android.gms.internal.ads.zzbdf zzakh
com.google.android.gms.internal.ads.zzavu: com.google.android.gms.internal.ads.zzavw zzdio
com.google.android.gms.internal.ads.zzavu: int zzdir
com.google.android.gms.internal.ads.zzavu: com.google.android.gms.internal.ads.zzavu zzdis
com.google.android.gms.internal.ads.zzavu: com.google.android.gms.internal.ads.zzbdf zzakh
com.google.android.gms.internal.ads.zzavw: int zzdit
com.google.android.gms.internal.ads.zzavw: com.google.android.gms.internal.ads.zzavw zzdiu
com.google.android.gms.internal.ads.zzavw: com.google.android.gms.internal.ads.zzbdf zzakh