build/app/outputs/mapping/release/mapping.txt
com.example.flutteruikit.MainActivity -> com.example.flutteruikit.MainActivity:
    void <init>() -> <init>
    void onCreate(android.os.Bundle) -> onCreate
...
com.google.android.gms.internal.ads.zzqk -> com.google.android.gms.internal.ads.avu:
    com.google.android.gms.dynamic.IObjectWrapper zzka() -> j
    java.lang.String getHeadline() -> a
    java.util.List getImages() -> b
    java.lang.String getBody() -> c
    com.google.android.gms.internal.ads.zzpw zzjz() -> d
    java.lang.String getCallToAction() -> e
    double getStarRating() -> f
    java.lang.String getStore() -> g
    java.lang.String getPrice() -> h
    android.os.Bundle getExtras() -> n
    void destroy() -> s
    com.google.android.gms.internal.ads.zzlo getVideoController() -> i
    void performClick(android.os.Bundle) -> a
    boolean recordImpression(android.os.Bundle) -> b
    void reportTouchEvent(android.os.Bundle) -> c
    com.google.android.gms.internal.ads.zzps zzkf() -> r
    com.google.android.gms.dynamic.IObjectWrapper zzke() -> p
    java.lang.String getMediationAdapterClassName() -> q
com.google.android.gms.internal.ads.zzql -> com.google.android.gms.internal.ads.avv:
    void <init>() -> <init>
    boolean dispatchTransaction(int,android.os.Parcel,android.os.Parcel,int) -> dispatchTransaction
com.google.android.gms.internal.ads.zzqm -> com.google.android.gms.internal.ads.avw:
    void <init>(android.os.IBinder) -> <init>
    com.google.android.gms.dynamic.IObjectWrapper zzka() -> j
    java.lang.String getHeadline() -> a
    java.util.List getImages() -> b
    java.lang.String getBody() -> c
    com.google.android.gms.internal.ads.zzpw zzjz() -> d
    java.lang.String getCallToAction() -> e
    double getStarRating() -> f
    java.lang.String getStore() -> g
    java.lang.String getPrice() -> h
    android.os.Bundle getExtras() -> n
    void destroy() -> s
    com.google.android.gms.internal.ads.zzlo getVideoController() -> i
    void performClick(android.os.Bundle) -> a
    boolean recordImpression(android.os.Bundle) -> b
    void reportTouchEvent(android.os.Bundle) -> c
    com.google.android.gms.internal.ads.zzps zzkf() -> r
    com.google.android.gms.dynamic.IObjectWrapper zzke() -> p
    java.lang.String getMediationAdapterClassName() -> q
com.google.android.gms.internal.ads.zzqn -> com.google.android.gms.internal.ads.avx:
    com.google.android.gms.internal.ads.zzqk zzbkn -> a
    java.util.List zzbko -> b
    com.google.android.gms.internal.ads.zzpz zzbkp -> c
    com.google.android.gms.ads.VideoController zzasv -> d
    com.google.android.gms.ads.formats.NativeAd$AdChoicesInfo zzbkq -> e
    void <init>(com.google.android.gms.internal.ads.zzqk) -> <init>
    com.google.android.gms.dynamic.IObjectWrapper zzka() -> k
    java.lang.CharSequence getHeadline() -> b
    java.util.List getImages() -> c
    java.lang.CharSequence getBody() -> d
    com.google.android.gms.ads.formats.NativeAd$Image getIcon() -> e
    java.lang.CharSequence getCallToAction() -> f
    java.lang.Double getStarRating() -> g
    java.lang.CharSequence getStore() -> h
    java.lang.CharSequence getPrice() -> i
    com.google.android.gms.ads.VideoController getVideoController() -> j
    java.lang.Object zzbe() -> a
com.google.android.gms.internal.ads.zzqo -> com.google.android.gms.internal.ads.avy:
    com.google.android.gms.dynamic.IObjectWrapper zzka() -> j
    java.lang.String getHeadline() -> a
    java.util.List getImages() -> b
    java.lang.String getBody() -> e
    com.google.android.gms.internal.ads.zzpw zzkg() -> f
    java.lang.String getCallToAction() -> g
    java.lang.String getAdvertiser() -> h
    android.os.Bundle getExtras() -> n
    void destroy() -> q
    com.google.android.gms.internal.ads.zzlo getVideoController() -> i
    void performClick(android.os.Bundle) -> a
    boolean recordImpression(android.os.Bundle) -> b
    void reportTouchEvent(android.os.Bundle) -> c
    com.google.android.gms.internal.ads.zzps zzkf() -> p
    com.google.android.gms.dynamic.IObjectWrapper zzke() -> c
    java.lang.String getMediationAdapterClassName() -> d