build/app/outputs/mapping/release/usage.txt
com.example.flutteruikit.BuildConfig
com.example.flutteruikit.Manifest
com.example.flutteruikit.Manifest$permission
com.example.flutteruikit.R
com.example.flutteruikit.R$attr
com.example.flutteruikit.R$bool
com.example.flutteruikit.R$color
com.example.flutteruikit.R$dimen
com.example.flutteruikit.R$drawable
com.example.flutteruikit.R$id
com.example.flutteruikit.R$integer
com.example.flutteruikit.R$layout
com.example.flutteruikit.R$mipmap
com.example.flutteruikit.R$string
com.example.flutteruikit.R$style
com.example.flutteruikit.R$styleable
...
android.support.v4.widget.SearchViewCompat$OnQueryTextListener
android.support.v4.widget.SearchViewCompat$OnQueryTextListenerCompat
android.support.v4.widget.SimpleCursorAdapter
android.support.v4.widget.SimpleCursorAdapter$CursorToStringConverter
android.support.v4.widget.SimpleCursorAdapter$ViewBinder
android.support.v4.widget.SlidingPaneLayout
android.support.v4.widget.SlidingPaneLayout$AccessibilityDelegate
android.support.v4.widget.SlidingPaneLayout$DisableLayerRunnable
android.support.v4.widget.SlidingPaneLayout$DragHelperCallback
android.support.v4.widget.SlidingPaneLayout$LayoutParams
android.support.v4.widget.SlidingPaneLayout$PanelSlideListener
android.support.v4.widget.SlidingPaneLayout$SavedState
android.support.v4.widget.SlidingPaneLayout$SavedState$1
android.support.v4.widget.SlidingPaneLayout$SimplePanelSlideListener
android.support.v4.widget.SlidingPaneLayout$SlidingPanelLayoutImpl
android.support.v4.widget.SlidingPaneLayout$SlidingPanelLayoutImplBase
android.support.v4.widget.SlidingPaneLayout$SlidingPanelLayoutImplJB
android.support.v4.widget.SlidingPaneLayout$SlidingPanelLayoutImplJBMR1
android.support.v4.widget.Space
android.support.v4.widget.SwipeProgressBar
android.support.v4.widget.SwipeRefreshLayout
android.support.v4.widget.SwipeRefreshLayout$1
android.support.v4.widget.SwipeRefreshLayout$2
android.support.v4.widget.SwipeRefreshLayout$3
android.support.v4.widget.SwipeRefreshLayout$4
android.support.v4.widget.SwipeRefreshLayout$5
android.support.v4.widget.SwipeRefreshLayout$6
android.support.v4.widget.SwipeRefreshLayout$7
android.support.v4.widget.SwipeRefreshLayout$8
android.support.v4.widget.SwipeRefreshLayout$OnChildScrollUpCallback
android.support.v4.widget.SwipeRefreshLayout$OnRefreshListener
android.support.v4.widget.TextViewCompat
android.support.v4.widget.TextViewCompat$AutoSizeTextType
android.support.v4.widget.TextViewCompat$TextViewCompatApi16Impl
android.support.v4.widget.TextViewCompat$TextViewCompatApi17Impl
android.support.v4.widget.TextViewCompat$TextViewCompatApi18Impl
android.support.v4.widget.TextViewCompat$TextViewCompatApi23Impl
android.support.v4.widget.TextViewCompat$TextViewCompatApi26Impl
android.support.v4.widget.TextViewCompat$TextViewCompatBaseImpl
android.support.v4.widget.TintableCompoundButton
android.support.v4.widget.TintableImageSourceView
android.support.v4.widget.ViewDragHelper
android.support.v4.widget.ViewDragHelper$1
android.support.v4.widget.ViewDragHelper$2
android.support.v4.widget.ViewDragHelper$Callback
com.google.ads.AdRequest:
    public static final java.lang.String VERSION
    public static final java.lang.String LOGTAG
    public static final java.lang.String TEST_EMULATOR
    private AdRequest()
com.google.ads.AdSize:
    public static final int FULL_WIDTH
    public static final int AUTO_HEIGHT
    public static final int LANDSCAPE_AD_HEIGHT
    public static final int PORTRAIT_AD_HEIGHT
    public static final int LARGE_AD_HEIGHT
    public AdSize(int,int)
    public final boolean isFullWidth()
    public final boolean isAutoHeight()
    public final boolean isCustomAdSize()
    public final int getWidthInPixels(android.content.Context)
    public final int getHeightInPixels(android.content.Context)
    public final boolean isSizeAppropriate(int,int)
    public final varargs com.google.ads.AdSize findBestSize(com.google.ads.AdSize[])
com.google.ads.mediation.EmptyNetworkExtras
com.google.ads.mediation.MediationAdRequest:
    public java.lang.Integer getAgeInYears()
    public java.util.Date getBirthday()
    public com.google.ads.AdRequest$Gender getGender()
    public java.util.Set getKeywords()
    public android.location.Location getLocation()
    public boolean isTesting()